<?xml version="1.0" encoding="UTF-8"?>
<testsuite name="isima.ParserTest" tests="4" skipped="0" failures="0" errors="0" timestamp="2024-10-03T19:33:38" hostname="localhost" time="0.018">
  <properties/>
  <testcase name="testSortMetroStopsById()" classname="isima.ParserTest" time="0.004"/>
  <testcase name="testParseValidFile()" classname="isima.ParserTest" time="0.002"/>
  <testcase name="testParseInvalidLineFormat()" classname="isima.ParserTest" time="0.004"/>
  <testcase name="testParseInvalidNumberFormat()" classname="isima.ParserTest" time="0.003"/>
  <system-out><![CDATA[]]></system-out>
  <system-err><![CDATA[]]></system-err>
</testsuite>
