<?xml version="1.0" encoding="UTF-8"?>
<testsuite name="isima.MetroStopTest" tests="3" skipped="0" failures="0" errors="0" timestamp="2024-10-03T19:33:38" hostname="localhost" time="0.03">
  <properties/>
  <testcase name="testMetroStopToString()" classname="isima.MetroStopTest" time="0.024"/>
  <testcase name="testMetroStopEquality()" classname="isima.MetroStopTest" time="0.001"/>
  <testcase name="testMetroStopConstructor()" classname="isima.MetroStopTest" time="0.001"/>
  <system-out><![CDATA[]]></system-out>
  <system-err><![CDATA[]]></system-err>
</testsuite>
